Build started 3/3/2016 11:53:07 AM.
     1>Project "C:\Users\Daphne Leah Sabang\documents\visual studio 2013\Projects\openCVAttempt3\openCVAttempt3\openCVAttempt3.vcxproj" on node 2 (Build target(s)).
     1>ClCompile:
         C:\Program Files (x86)\Microsoft Visual Studio 12.0\VC\bin\x86_amd64\CL.exe /c /IC:\OpenCV411\opencv\build\include /IC:\OpenCV411\opencv\build\include\opencv /IC:\OpenCV411\opencv\build\include\opencv2 /Zi /nologo /W3 /WX- /sdl /Od /D WIN32 /D _DEBUG /D _CONSOLE /D _LIB /D _UNICODE /D UNICODE /Gm /EHsc /RTC1 /MDd /GS /fp:precise /Zc:wchar_t /Zc:forScope /Fo"x64\Debug\\" /Fd"x64\Debug\vc120.pdb" /Gd /TP /errorReport:prompt getCoinVersion2.cpp
         getCoinVersion2.cpp
     1>getCoinVersion2.cpp(808): warning C4244: '=' : conversion from 'double' to 'int', possible loss of data
     1>getCoinVersion2.cpp(945): warning C4244: 'initializing' : conversion from 'double' to 'float', possible loss of data
     1>getCoinVersion2.cpp(997): warning C4129: 'D' : unrecognized character escape sequence
     1>getCoinVersion2.cpp(997): warning C4129: 'S' : unrecognized character escape sequence
     1>getCoinVersion2.cpp(997): warning C4129: 'T' : unrecognized character escape sequence
     1>getCoinVersion2.cpp(997): warning C4129: 'F' : unrecognized character escape sequence
     1>getCoinVersion2.cpp(1288): warning C4244: 'initializing' : conversion from 'double' to 'float', possible loss of data
     1>getCoinVersion2.cpp(1290): warning C4244: 'initializing' : conversion from 'double' to 'float', possible loss of data
     1>getCoinVersion2.cpp(1560): warning C4244: 'initializing' : conversion from 'double' to 'float', possible loss of data
     1>getCoinVersion2.cpp(1562): warning C4244: 'initializing' : conversion from 'double' to 'float', possible loss of data
     1>getCoinVersion2.cpp(1573): warning C4244: 'initializing' : conversion from 'double' to 'float', possible loss of data
     1>getCoinVersion2.cpp(1574): warning C4244: 'initializing' : conversion from 'double' to 'float', possible loss of data
     1>getCoinVersion2.cpp(1639): warning C4244: 'initializing' : conversion from 'double' to 'int', possible loss of data
     1>getCoinVersion2.cpp(1702): warning C4244: 'initializing' : conversion from 'double' to 'int', possible loss of data
     1>getCoinVersion2.cpp(1822): warning C4244: 'initializing' : conversion from 'double' to 'float', possible loss of data
     1>getCoinVersion2.cpp(1824): warning C4244: 'initializing' : conversion from 'double' to 'float', possible loss of data
     1>getCoinVersion2.cpp(2095): warning C4244: 'initializing' : conversion from 'double' to 'float', possible loss of data
     1>getCoinVersion2.cpp(2631): warning C4244: 'initializing' : conversion from 'double' to 'float', possible loss of data
     1>getCoinVersion2.cpp(2633): warning C4244: 'initializing' : conversion from 'double' to 'float', possible loss of data
     1>getCoinVersion2.cpp(2979): warning C4244: 'initializing' : conversion from 'double' to 'float', possible loss of data
     1>getCoinVersion2.cpp(2981): warning C4244: 'initializing' : conversion from 'double' to 'float', possible loss of data
     1>getCoinVersion2.cpp(2991): warning C4244: 'initializing' : conversion from 'double' to 'float', possible loss of data
     1>getCoinVersion2.cpp(2992): warning C4244: 'initializing' : conversion from 'double' to 'float', possible loss of data
     1>getCoinVersion2.cpp(3052): warning C4244: 'initializing' : conversion from 'double' to 'int', possible loss of data
     1>getCoinVersion2.cpp(3146): warning C4244: 'initializing' : conversion from 'double' to 'int', possible loss of data
     1>getCoinVersion2.cpp(3310): warning C4244: 'initializing' : conversion from 'double' to 'float', possible loss of data
     1>getCoinVersion2.cpp(3312): warning C4244: 'initializing' : conversion from 'double' to 'float', possible loss of data
     1>getCoinVersion2.cpp(658): warning C4101: 'num_features' : unreferenced local variable
     1>getCoinVersion2.cpp(467): warning C4101: 'str1' : unreferenced local variable
     1>getCoinVersion2.cpp(1388): warning C4101: 'calorieCount' : unreferenced local variable
     1>getCoinVersion2.cpp(1444): warning C4101: 'calorieCount' : unreferenced local variable
     1>getCoinVersion2.cpp(1653): warning C4101: 'calorieCount' : unreferenced local variable
     1>getCoinVersion2.cpp(1715): warning C4101: 'calorieCount' : unreferenced local variable
     1>getCoinVersion2.cpp(2731): warning C4101: 'calorieCount' : unreferenced local variable
     1>getCoinVersion2.cpp(2799): warning C4101: 'calorieCount' : unreferenced local variable
     1>getCoinVersion2.cpp(2871): warning C4101: 'calorieCount' : unreferenced local variable
     1>getCoinVersion2.cpp(3073): warning C4101: 'calorieCount' : unreferenced local variable
     1>getCoinVersion2.cpp(3171): warning C4101: 'calorieCount' : unreferenced local variable
     1>getCoinVersion2.cpp(3439): warning C4101: 'calorieCount' : unreferenced local variable
       Link:
         C:\Program Files (x86)\Microsoft Visual Studio 12.0\VC\bin\x86_amd64\link.exe /ERRORREPORT:PROMPT /OUT:"C:\Users\Daphne Leah Sabang\documents\visual studio 2013\Projects\openCVAttempt3\x64\Debug\openCVAttempt3.exe" /INCREMENTAL /NOLOGO /LIBPATH:C:\OpenCV411\opencv\build\x64\vc12\lib opencv_calib3d2411d.lib opencv_contrib2411d.lib opencv_core2411d.lib opencv_features2d2411d.lib opencv_flann2411d.lib opencv_gpu2411d.lib opencv_highgui2411d.lib opencv_imgproc2411d.lib opencv_legacy2411d.lib opencv_ml2411d.lib opencv_nonfree2411d.lib opencv_objdetect2411d.lib opencv_ocl2411d.lib opencv_photo2411d.lib opencv_stitching2411d.lib opencv_superres2411d.lib opencv_ts2411d.lib opencv_video2411d.lib opencv_videostab2411d.lib kernel32.lib user32.lib gdi32.lib winspool.lib comdlg32.lib advapi32.lib shell32.lib ole32.lib oleaut32.lib uuid.lib odbc32.lib odbccp32.lib /MANIFEST /MANIFESTUAC:"level='asInvoker' uiAccess='false'" /manifest:embed /DEBUG /PDB:"C:\Users\Daphne Leah Sabang\documents\visual studio 2013\Projects\openCVAttempt3\x64\Debug\openCVAttempt3.pdb" /SUBSYSTEM:CONSOLE /TLBID:1 /DYNAMICBASE /NXCOMPAT /IMPLIB:"C:\Users\Daphne Leah Sabang\documents\visual studio 2013\Projects\openCVAttempt3\x64\Debug\openCVAttempt3.lib" /MACHINE:X64 x64\Debug\ColorHistogram.obj
         x64\Debug\ContentFinder.obj
         x64\Debug\getCoinVersion2.obj
         x64\Debug\Histogram1D.obj
         openCVAttempt3.vcxproj -> C:\Users\Daphne Leah Sabang\documents\visual studio 2013\Projects\openCVAttempt3\x64\Debug\openCVAttempt3.exe
     1>Done Building Project "C:\Users\Daphne Leah Sabang\documents\visual studio 2013\Projects\openCVAttempt3\openCVAttempt3\openCVAttempt3.vcxproj" (Build target(s)).

Build succeeded.

Time Elapsed 00:00:07.34
